Arguments: 
  C:\Program Files\nodejs\node.exe C:\Users\adela\AppData\Roaming\npm\node_modules\yarn\bin\yarn.js add react-native-flip

PATH: 
  C:\Program Files\Common Files\Oracle\Java\javapath;C:\Program Files (x86)\Common Files\Oracle\Java\javapath;C:\Users\adela\AppData\Local\Programs\Python\Python37-32;C:\Program Files (x86)\Intel\Intel(R) Management Engine Components\iCLS\;C:\Program Files\Intel\Intel(R) Management Engine Components\iCLS\;C:\WINDOWS\system32;C:\WINDOWS;C:\WINDOWS\System32\Wbem;C:\WINDOWS\System32\WindowsPowerShell\v1.0\;C:\WINDOWS\System32\OpenSSH\;C:\Program Files (x86)\Intel\Intel(R) Management Engine Components\DAL;C:\Program Files\Intel\Intel(R) Management Engine Components\DAL;C:\Program Files\Java\jdk-16\bin;C:\Program Files\Java\jdk-14.0.1\bin;C:\Program Files\Git\cmd;C:\Program Files (x86)\Windows Kits\10\Windows Performance Toolkit\;C:\Program Files\nodejs\;C:\Users\adela\AppData\Roaming\npm\node_modules;C:\Users\adela\AppData\Roaming\npm;C:\Scoop\apps\android-sdk\current\tools\bin;C:\Scoop\apps\adopt8-hotspot\current\bin;C:\Scoop\apps\nodejs-lts\current\bin;C:\Scoop\apps\nodejs-lts\current;C:\Scoop\shims;C:/Users/adela/corretto/jdk11.0.11_9\bin;C:\Program Files\R\R-4.0.4\bin\x64;C:\Program Files\Common Files\Oracle\Java\javapath;C:\Program Files (x86)\Common Files\Oracle\Java\javapath;C:\Users\adela\AppData\Local\Programs\Python\Python37-32;C:\Program Files (x86)\Intel\Intel(R) Management Engine Components\iCLS\;C:\Program Files\Intel\Intel(R) Management Engine Components\iCLS\;C:\WINDOWS\system32;C:\WINDOWS;C:\WINDOWS\System32\Wbem;C:\WINDOWS\System32\WindowsPowerShell\v1.0\;C:\WINDOWS\System32\OpenSSH\;C:\Program Files (x86)\Intel\Intel(R) Management Engine Components\DAL;C:\Program Files\Intel\Intel(R) Management Engine Components\DAL;C:\Program Files\Java\jdk-16\bin;C:\Program Files\Java\jdk-14.0.1\bin;C:\Program Files\Git\cmd;C:\Program Files (x86)\Windows Kits\10\Windows Performance Toolkit\;C:\Program Files\nodejs\;C:\Program Files\MySQL\MySQL Shell 8.0\bin\;C:\Users\adela\AppData\Local\Programs\Python\Python38-32\Scripts\;C:\Users\adela\AppData\Local\Programs\Python\Python38-32\;C:\Users\adela\AppData;C:\Users\adela\AppData\Local\Programs\Microsoft VS Code\bin

Yarn version: 
  1.22.17

Node version: 
  14.16.0

Platform: 
  win32 x64

Trace: 
  Error: ENOSPC: no space left on device, open 'C:\Users\adela\AppData\Local\Yarn\Cache\v6\npm-xml-js-1.6.11-927d2f6947f7f1c19a316dd8eea3614e8b18f8e9-integrity\node_modules\xml-js\.yarn-metadata.json'

npm manifest: 
  {
    "main": "node_modules/expo/AppEntry.js",
    "scripts": {
      "start": "expo start",
      "android": "expo start --android",
      "ios": "expo start --ios",
      "web": "expo start --web",
      "eject": "expo eject",
      "test": "jest --watchAll"
    },
    "dependencies": {
      "@react-native-community/masked-view": "^0.1.11",
      "@react-navigation/native": "^6.0.6",
      "@react-navigation/stack": "^6.0.11",
      "@reduxjs/toolkit": "^1.3.4",
      "expo": "^43.0.0",
      "expo-splash-screen": "^0.13.5",
      "react": "17.0.1",
      "react-dom": "17.0.1",
      "react-native": "^0.64.2",
      "react-native-card-flip": "^1.0.7",
      "react-native-gesture-flip-card": "^1.0.5",
      "react-native-gesture-handler": "~1.10.2",
      "react-native-reanimated": "~2.2.0",
      "react-native-safe-area-context": "3.3.2",
      "react-native-screens": "~3.8.0",
      "react-native-splash-screen": "^3.2.0",
      "react-native-web": "0.17.1",
      "react-navigation": "^4.3.7",
      "react-redux": "^7.2.0",
      "redux": "^4.0.5"
    },
    "rnpm": {
      "assets": [
        "./assets/fonts/"
      ]
    },
    "devDependencies": {
      "@babel/core": "^7.12.9",
      "@bam.tech/react-native-make": "^3.0.3",
      "@testing-library/jest-dom": "^4.2.4",
      "@testing-library/react": "^9.5.0",
      "@testing-library/user-event": "^7.2.1",
      "@types/jest": "^25.2.1",
      "babel-eslint": "^10.1.0",
      "babel-jest": "^25.3.0",
      "babel-preset-expo": "8.5.1",
      "eslint": "^6.8.0",
      "eslint-config-prettier": "^6.10.1",
      "eslint-plugin-prettier": "^3.1.3",
      "eslint-plugin-react": "^7.19.0",
      "eslint-plugin-react-native": "^3.8.1",
      "jest": "^25.3.0",
      "prettier": "^2.0.4"
    },
    "private": true,
    "jest": {
      "preset": "react-native"
    }
  }

yarn manifest: 
  No manifest

Lockfile: 
  No lockfile
